<?xml version="1.0" encoding="UTF-8"?>
<testng-results skipped="0" failed="1" ignored="0" total="1" passed="0">
  <reporter-output>
  </reporter-output>
  <suite name="Default suite" duration-ms="26998" started-at="2019-10-04T08:32:00Z" finished-at="2019-10-04T08:32:27Z">
    <groups>
    </groups>
    <test name="Default test" duration-ms="26998" started-at="2019-10-04T08:32:00Z" finished-at="2019-10-04T08:32:27Z">
      <class name="investmentbanking.corporateclientsolution.InvestmentBanking.KiteTest">
        <test-method status="PASS" signature="OpenApplication()[pri:0, instance:investmentbanking.corporateclientsolution.InvestmentBanking.KiteTest@5702b3b1]" name="OpenApplication" is-config="true" duration-ms="7563" started-at="2019-10-04T08:32:00Z" finished-at="2019-10-04T08:32:08Z">
          <reporter-output>
          </reporter-output>
        </test-method> <!-- OpenApplication -->
        <test-method status="FAIL" signature="LoginApplication()[pri:0, instance:investmentbanking.corporateclientsolution.InvestmentBanking.KiteTest@5702b3b1]" name="LoginApplication" duration-ms="19366" started-at="2019-10-04T08:32:08Z" finished-at="2019-10-04T08:32:27Z">
          <exception class="java.lang.IllegalStateException">
            <message>
              <![CDATA[Cannot get a STRING value from a NUMERIC cell]]>
            </message>
            <full-stacktrace>
              <![CDATA[java.lang.IllegalStateException: Cannot get a STRING value from a NUMERIC cell
at org.apache.poi.xssf.usermodel.XSSFCell.typeMismatch(XSSFCell.java:1093)
at org.apache.poi.xssf.usermodel.XSSFCell.getRichStringCellValue(XSSFCell.java:397)
at org.apache.poi.xssf.usermodel.XSSFCell.getStringCellValue(XSSFCell.java:349)
at utilityClasses.Utility.fetchExcelData(Utility.java:21)
at investmentbanking.corporateclientsolution.InvestmentBanking.KiteTest.LoginApplication(KiteTest.java:40)
at sun.reflect.NativeMethodAccessorImpl.invoke0(Native Method)
at sun.reflect.NativeMethodAccessorImpl.invoke(Unknown Source)
at sun.reflect.DelegatingMethodAccessorImpl.invoke(Unknown Source)
at java.lang.reflect.Method.invoke(Unknown Source)
at org.testng.internal.MethodInvocationHelper.invokeMethod(MethodInvocationHelper.java:124)
at org.testng.internal.Invoker.invokeMethod(Invoker.java:583)
at org.testng.internal.Invoker.invokeTestMethod(Invoker.java:719)
at org.testng.internal.Invoker.invokeTestMethods(Invoker.java:989)
at org.testng.internal.TestMethodWorker.invokeTestMethods(TestMethodWorker.java:125)
at org.testng.internal.TestMethodWorker.run(TestMethodWorker.java:109)
at org.testng.TestRunner.privateRun(TestRunner.java:648)
at org.testng.TestRunner.run(TestRunner.java:505)
at org.testng.SuiteRunner.runTest(SuiteRunner.java:455)
at org.testng.SuiteRunner.runSequentially(SuiteRunner.java:450)
at org.testng.SuiteRunner.privateRun(SuiteRunner.java:415)
at org.testng.SuiteRunner.run(SuiteRunner.java:364)
at org.testng.SuiteRunnerWorker.runSuite(SuiteRunnerWorker.java:52)
at org.testng.SuiteRunnerWorker.run(SuiteRunnerWorker.java:84)
at org.testng.TestNG.runSuitesSequentially(TestNG.java:1208)
at org.testng.TestNG.runSuitesLocally(TestNG.java:1137)
at org.testng.TestNG.runSuites(TestNG.java:1049)
at org.testng.TestNG.run(TestNG.java:1017)
at org.testng.remote.AbstractRemoteTestNG.run(AbstractRemoteTestNG.java:114)
at org.testng.remote.RemoteTestNG.initAndRun(RemoteTestNG.java:251)
at org.testng.remote.RemoteTestNG.main(RemoteTestNG.java:77)
]]>
            </full-stacktrace>
          </exception> <!-- java.lang.IllegalStateException -->
          <reporter-output>
          </reporter-output>
        </test-method> <!-- LoginApplication -->
        <test-method status="PASS" signature="closeApplication()[pri:0, instance:investmentbanking.corporateclientsolution.InvestmentBanking.KiteTest@5702b3b1]" name="closeApplication" is-config="true" duration-ms="0" started-at="2019-10-04T08:32:27Z" finished-at="2019-10-04T08:32:27Z">
          <reporter-output>
          </reporter-output>
        </test-method> <!-- closeApplication -->
      </class> <!-- investmentbanking.corporateclientsolution.InvestmentBanking.KiteTest -->
    </test> <!-- Default test -->
  </suite> <!-- Default suite -->
</testng-results>
